  main.cpp
D:\AI\Tron\Tron-Core\source\maths\maths_func.h(10,19): warning C4244:  'return': conversion from 'double' to 'float', possible loss of data
C:\Program Files (x86)\Windows Kits\10\Include\10.0.18362.0\shared\minwindef.h(130,1): warning C4005:  'APIENTRY': macro redefinition
D:\AI\Tron\Dependencies\GLFW\include\GLFW\glfw3.h(104): message :  see previous definition of 'APIENTRY'
D:\AI\Tron\Tron-Core\main.cpp(71,28): warning C4244:  'argument': conversion from 'int' to 'float', possible loss of data
D:\AI\Tron\Tron-Core\main.cpp(71,25): warning C4244:  'argument': conversion from 'int' to 'float', possible loss of data
  batchrenderer2D.cpp
D:\AI\Tron\Tron-Core\main.cpp(110,20): warning C4154:  deletion of an array expression; conversion to pointer supplied
D:\AI\Tron\Tron-Core\source\maths\maths_func.h(10,19): warning C4244:  'return': conversion from 'double' to 'float', possible loss of data
D:\AI\Tron\Tron-Core\source\graphics\batchrenderer2D.cpp(80,23): warning C4018:  '<': signed/unsigned mismatch
D:\AI\Tron\Tron-Core\source\graphics\batchrenderer2D.cpp(105,11): warning C4244:  'initializing': conversion from 'float' to 'int', possible loss of data
D:\AI\Tron\Tron-Core\source\graphics\batchrenderer2D.cpp(106,11): warning C4244:  'initializing': conversion from 'float' to 'int', possible loss of data
D:\AI\Tron\Tron-Core\source\graphics\batchrenderer2D.cpp(107,11): warning C4244:  'initializing': conversion from 'float' to 'int', possible loss of data
D:\AI\Tron\Tron-Core\source\graphics\batchrenderer2D.cpp(108,11): warning C4244:  'initializing': conversion from 'float' to 'int', possible loss of data
  buffer.cpp
  indexbuffer.cpp
  vertexarray.cpp
D:\AI\Tron\Tron-Core\source\graphics\batchrenderer2D.cpp(149,22): warning C4018:  '<': signed/unsigned mismatch
  group.cpp
D:\AI\Tron\Tron-Core\source\graphics\buffers\vertexarray.cpp(13,22): warning C4018:  '<': signed/unsigned mismatch
  layer.cpp
D:\AI\Tron\Tron-Core\source\maths\maths_func.h(10,19): warning C4244:  'return': conversion from 'double' to 'float', possible loss of data
D:\AI\Tron\Tron-Core\source\maths\maths_func.h(10,19): warning C4244:  'return': conversion from 'double' to 'float', possible loss of data
  tilelayer.cpp
D:\AI\Tron\Tron-Core\source\graphics\layers\layer.cpp(20,22): warning C4018:  '<': signed/unsigned mismatch
  simple2drenderer.cpp
D:\AI\Tron\Tron-Core\source\maths\maths_func.h(10,19): warning C4244:  'return': conversion from 'double' to 'float', possible loss of data
  shader.cpp
D:\AI\Tron\Tron-Core\source\maths\maths_func.h(10,19): warning C4244:  'return': conversion from 'double' to 'float', possible loss of data
  sprite.cpp
D:\AI\Tron\Tron-Core\source\maths\maths_func.h(10,19): warning C4244:  'return': conversion from 'double' to 'float', possible loss of data
  static_sprite.cpp
D:\AI\Tron\Tron-Core\source\maths\maths_func.h(10,19): warning C4244:  'return': conversion from 'double' to 'float', possible loss of data
  texture.cpp
  window.cpp
D:\AI\Tron\Tron-Core\source\maths\maths_func.h(10,19): warning C4244:  'return': conversion from 'double' to 'float', possible loss of data
  mat4.cpp
D:\AI\Tron\Tron-Core\source\graphics\window.cpp(82,21): warning C4244:  'argument': conversion from 'double' to 'int', possible loss of data
  vec2.cpp
  vec3.cpp
  vec4.cpp
D:\AI\Tron\Tron-Core\source\maths\maths_func.h(10,19): warning C4244:  'return': conversion from 'double' to 'float', possible loss of data
LINK : warning LNK4098: defaultlib 'LIBCMT' conflicts with use of other libs; use /NODEFAULTLIB:library
  Generating code
  Previous IPDB was built with incompatible compiler, fall back to full compilation.
  All 354 functions were compiled because no usable IPDB/IOBJ from previous compilation was found.
  Finished generating code
glew32s.lib(glew.obj) : warning LNK4099: PDB 'vc120.pdb' was not found with 'glew32s.lib(glew.obj)' or at 'D:\AI\Tron\Release\vc120.pdb'; linking object as if no debug info
  Tron-Core.vcxproj -> D:\AI\Tron\Release\Tron-Core.exe
